<?xml version="1.0" encoding="UTF-8"?>
<testng-results skipped="0" failed="0" total="1" passed="1">
  <reporter-output>
  </reporter-output>
  <suite name="Default suite" duration-ms="45183" started-at="2019-07-15T07:58:16Z" finished-at="2019-07-15T07:59:01Z">
    <groups>
    </groups>
    <test name="Default test" duration-ms="45183" started-at="2019-07-15T07:58:16Z" finished-at="2019-07-15T07:59:01Z">
      <class name="com.zoopla.testcases.zooplatestcase">
        <test-method status="PASS" signature="initiatetestcases()[pri:0, instance:com.zoopla.testcases.zooplatestcase@61832929]" name="initiatetestcases" is-config="true" duration-ms="9169" started-at="2019-07-15T13:28:16Z" finished-at="2019-07-15T13:28:25Z">
          <reporter-output>
          </reporter-output>
        </test-method> <!-- initiatetestcases -->
        <test-method status="PASS" signature="AddFacility()[pri:0, instance:com.zoopla.testcases.zooplatestcase@61832929]" name="AddFacility" duration-ms="35850" started-at="2019-07-15T13:28:25Z" finished-at="2019-07-15T13:29:01Z">
          <reporter-output>
          </reporter-output>
        </test-method> <!-- AddFacility -->
        <test-method status="PASS" signature="teardown()[pri:0, instance:com.zoopla.testcases.zooplatestcase@61832929]" name="teardown" is-config="true" duration-ms="149" started-at="2019-07-15T13:29:01Z" finished-at="2019-07-15T13:29:01Z">
          <reporter-output>
          </reporter-output>
        </test-method> <!-- teardown -->
      </class> <!-- com.zoopla.testcases.zooplatestcase -->
    </test> <!-- Default test -->
  </suite> <!-- Default suite -->
</testng-results>
